{"C:\\movie-booking\\src\\App.js": {"path":"C:\\movie-booking\\src\\App.js","statementMap":{"0":{"start":{"line":14,"column":2},"end":{"line":32,"column":4}}},"fnMap":{"0":{"name":"App","decl":{"start":{"line":13,"column":9},"end":{"line":13,"column":12}},"loc":{"start":{"line":13,"column":15},"end":{"line":33,"column":1}},"line":13}},"branchMap":{},"s":{"0":3},"f":{"0":3},"b":{},"_coverageSchema":"1a1c01bbd47fc00a2c39e90264f33305004495a9","hash":"173cfad99d3fe782d776b567cb30d4758c01f705"}
,"C:/movie-booking/src/App.test.js": {"path":"C:/movie-booking/src/App.test.js","statementMap":{},"fnMap":{},"branchMap":{},"s":{},"f":{},"b":{}}
,"C:\\movie-booking\\src\\index.js": {"path":"C:\\movie-booking\\src\\index.js","statementMap":{"0":{"start":{"line":7,"column":13},"end":{"line":7,"column":65}},"1":{"start":{"line":8,"column":0},"end":{"line":12,"column":2}},"2":{"start":{"line":17,"column":0},"end":{"line":17,"column":18}}},"fnMap":{},"branchMap":{},"s":{"0":1,"1":1,"2":1},"f":{},"b":{},"_coverageSchema":"1a1c01bbd47fc00a2c39e90264f33305004495a9","hash":"cd3a73a061bd64ca6339799c473ac9471dcd35e7"}
,"C:\\movie-booking\\src\\reportWebVitals.js": {"path":"C:\\movie-booking\\src\\reportWebVitals.js","statementMap":{"0":{"start":{"line":1,"column":24},"end":{"line":11,"column":1}},"1":{"start":{"line":2,"column":2},"end":{"line":10,"column":3}},"2":{"start":{"line":3,"column":4},"end":{"line":9,"column":7}},"3":{"start":{"line":4,"column":6},"end":{"line":4,"column":26}},"4":{"start":{"line":5,"column":6},"end":{"line":5,"column":26}},"5":{"start":{"line":6,"column":6},"end":{"line":6,"column":26}},"6":{"start":{"line":7,"column":6},"end":{"line":7,"column":26}},"7":{"start":{"line":8,"column":6},"end":{"line":8,"column":27}}},"fnMap":{"0":{"name":"(anonymous_0)","decl":{"start":{"line":1,"column":24},"end":{"line":1,"column":25}},"loc":{"start":{"line":1,"column":39},"end":{"line":11,"column":1}},"line":1},"1":{"name":"(anonymous_1)","decl":{"start":{"line":3,"column":30},"end":{"line":3,"column":31}},"loc":{"start":{"line":3,"column":79},"end":{"line":9,"column":5}},"line":3}},"branchMap":{"0":{"loc":{"start":{"line":2,"column":2},"end":{"line":10,"column":3}},"type":"if","locations":[{"start":{"line":2,"column":2},"end":{"line":10,"column":3}},{"start":{"line":2,"column":2},"end":{"line":10,"column":3}}],"line":2},"1":{"loc":{"start":{"line":2,"column":6},"end":{"line":2,"column":52}},"type":"binary-expr","locations":[{"start":{"line":2,"column":6},"end":{"line":2,"column":17}},{"start":{"line":2,"column":21},"end":{"line":2,"column":52}}],"line":2}},"s":{"0":1,"1":1,"2":0,"3":0,"4":0,"5":0,"6":0,"7":0},"f":{"0":1,"1":0},"b":{"0":[0,1],"1":[1,0]},"_coverageSchema":"1a1c01bbd47fc00a2c39e90264f33305004495a9","hash":"42eac82d3a27fd5643fec56db76c857996b7c760"}
,"C:/movie-booking/src/setupTests.js": {"path":"C:/movie-booking/src/setupTests.js","statementMap":{},"fnMap":{},"branchMap":{},"s":{},"f":{},"b":{}}
,"C:\\movie-booking\\src\\common\\Footer.js": {"path":"C:\\movie-booking\\src\\common\\Footer.js","statementMap":{"0":{"start":{"line":5,"column":4},"end":{"line":12,"column":5}}},"fnMap":{"0":{"name":"Footer","decl":{"start":{"line":4,"column":9},"end":{"line":4,"column":15}},"loc":{"start":{"line":4,"column":17},"end":{"line":13,"column":1}},"line":4}},"branchMap":{},"s":{"0":104},"f":{"0":104},"b":{},"_coverageSchema":"1a1c01bbd47fc00a2c39e90264f33305004495a9","hash":"3f52b43231b544b21371b4a2c520189e37fbe1ae"}
,"C:\\movie-booking\\src\\common\\Signup.js": {"path":"C:\\movie-booking\\src\\common\\Signup.js","statementMap":{"0":{"start":{"line":6,"column":21},"end":{"line":6,"column":34}},"1":{"start":{"line":7,"column":4},"end":{"line":23,"column":6}},"2":{"start":{"line":11,"column":16},"end":{"line":11,"column":41}},"3":{"start":{"line":15,"column":16},"end":{"line":15,"column":34}}},"fnMap":{"0":{"name":"Signup","decl":{"start":{"line":5,"column":9},"end":{"line":5,"column":15}},"loc":{"start":{"line":5,"column":17},"end":{"line":25,"column":1}},"line":5},"1":{"name":"(anonymous_1)","decl":{"start":{"line":10,"column":34},"end":{"line":10,"column":35}},"loc":{"start":{"line":10,"column":45},"end":{"line":12,"column":12}},"line":10},"2":{"name":"(anonymous_2)","decl":{"start":{"line":14,"column":28},"end":{"line":14,"column":29}},"loc":{"start":{"line":14,"column":39},"end":{"line":16,"column":12}},"line":14}},"branchMap":{},"s":{"0":0,"1":0,"2":0,"3":0},"f":{"0":0,"1":0,"2":0},"b":{},"_coverageSchema":"1a1c01bbd47fc00a2c39e90264f33305004495a9","hash":"cd6d1edfdb7e3b68386542887df242cd7722eb7f"}
,"C:\\movie-booking\\src\\component\\admin\\AddMovie.js": {"path":"C:\\movie-booking\\src\\component\\admin\\AddMovie.js","statementMap":{"0":{"start":{"line":8,"column":21},"end":{"line":8,"column":34}},"1":{"start":{"line":9,"column":15},"end":{"line":9,"column":44}},"2":{"start":{"line":10,"column":24},"end":{"line":25,"column":5}},"3":{"start":{"line":11,"column":8},"end":{"line":11,"column":36}},"4":{"start":{"line":12,"column":8},"end":{"line":24,"column":9}},"5":{"start":{"line":13,"column":11},"end":{"line":13,"column":54}},"6":{"start":{"line":14,"column":27},"end":{"line":18,"column":14}},"7":{"start":{"line":19,"column":12},"end":{"line":19,"column":34}},"8":{"start":{"line":20,"column":12},"end":{"line":20,"column":33}},"9":{"start":{"line":21,"column":12},"end":{"line":21,"column":31}},"10":{"start":{"line":23,"column":12},"end":{"line":23,"column":24}},"11":{"start":{"line":26,"column":4},"end":{"line":42,"column":6}},"12":{"start":{"line":33,"column":16},"end":{"line":33,"column":37}},"13":{"start":{"line":37,"column":16},"end":{"line":37,"column":42}}},"fnMap":{"0":{"name":"AddMovie","decl":{"start":{"line":7,"column":9},"end":{"line":7,"column":17}},"loc":{"start":{"line":7,"column":19},"end":{"line":43,"column":1}},"line":7},"1":{"name":"(anonymous_1)","decl":{"start":{"line":10,"column":24},"end":{"line":10,"column":25}},"loc":{"start":{"line":10,"column":39},"end":{"line":25,"column":5}},"line":10},"2":{"name":"(anonymous_2)","decl":{"start":{"line":32,"column":26},"end":{"line":32,"column":27}},"loc":{"start":{"line":32,"column":37},"end":{"line":34,"column":9}},"line":32},"3":{"name":"(anonymous_3)","decl":{"start":{"line":36,"column":26},"end":{"line":36,"column":27}},"loc":{"start":{"line":36,"column":37},"end":{"line":38,"column":9}},"line":36}},"branchMap":{},"s":{"0":0,"1":0,"2":0,"3":0,"4":0,"5":0,"6":0,"7":0,"8":0,"9":0,"10":0,"11":0,"12":0,"13":0},"f":{"0":0,"1":0,"2":0,"3":0},"b":{},"_coverageSchema":"1a1c01bbd47fc00a2c39e90264f33305004495a9","hash":"373344c4b2a1dbd7e4427a67b15df63eb9f1113f"}
,"C:\\movie-booking\\src\\component\\admin\\AddMovieFunc.js": {"path":"C:\\movie-booking\\src\\component\\admin\\AddMovieFunc.js","statementMap":{"0":{"start":{"line":8,"column":29},"end":{"line":8,"column":41}},"1":{"start":{"line":9,"column":33},"end":{"line":9,"column":45}},"2":{"start":{"line":10,"column":37},"end":{"line":10,"column":49}},"3":{"start":{"line":11,"column":20},"end":{"line":11,"column":33}},"4":{"start":{"line":13,"column":10},"end":{"line":13,"column":39}},"5":{"start":{"line":14,"column":18},"end":{"line":26,"column":1}},"6":{"start":{"line":15,"column":8},"end":{"line":25,"column":5}},"7":{"start":{"line":16,"column":28},"end":{"line":20,"column":14}},"8":{"start":{"line":21,"column":25},"end":{"line":21,"column":38}},"9":{"start":{"line":22,"column":12},"end":{"line":22,"column":23}},"10":{"start":{"line":24,"column":12},"end":{"line":24,"column":24}},"11":{"start":{"line":27,"column":4},"end":{"line":76,"column":5}},"12":{"start":{"line":31,"column":16},"end":{"line":31,"column":33}},"13":{"start":{"line":43,"column":28},"end":{"line":43,"column":59}},"14":{"start":{"line":54,"column":28},"end":{"line":54,"column":61}},"15":{"start":{"line":65,"column":28},"end":{"line":65,"column":63}}},"fnMap":{"0":{"name":"AddMovieFunc","decl":{"start":{"line":6,"column":9},"end":{"line":6,"column":21}},"loc":{"start":{"line":6,"column":23},"end":{"line":77,"column":1}},"line":6},"1":{"name":"(anonymous_1)","decl":{"start":{"line":14,"column":18},"end":{"line":14,"column":19}},"loc":{"start":{"line":14,"column":28},"end":{"line":26,"column":1}},"line":14},"2":{"name":"(anonymous_2)","decl":{"start":{"line":30,"column":27},"end":{"line":30,"column":28}},"loc":{"start":{"line":30,"column":38},"end":{"line":32,"column":9}},"line":30},"3":{"name":"(anonymous_3)","decl":{"start":{"line":42,"column":34},"end":{"line":42,"column":35}},"loc":{"start":{"line":42,"column":45},"end":{"line":44,"column":25}},"line":42},"4":{"name":"(anonymous_4)","decl":{"start":{"line":53,"column":34},"end":{"line":53,"column":35}},"loc":{"start":{"line":53,"column":45},"end":{"line":55,"column":25}},"line":53},"5":{"name":"(anonymous_5)","decl":{"start":{"line":64,"column":34},"end":{"line":64,"column":35}},"loc":{"start":{"line":64,"column":45},"end":{"line":66,"column":25}},"line":64}},"branchMap":{},"s":{"0":0,"1":0,"2":0,"3":0,"4":0,"5":0,"6":0,"7":0,"8":0,"9":0,"10":0,"11":0,"12":0,"13":0,"14":0,"15":0},"f":{"0":0,"1":0,"2":0,"3":0,"4":0,"5":0},"b":{},"_coverageSchema":"1a1c01bbd47fc00a2c39e90264f33305004495a9","hash":"de61bd1157fb16c3ac2294d40e3cc1148e9a4ff3"}
,"C:\\movie-booking\\src\\component\\admin\\AdminHeader.js": {"path":"C:\\movie-booking\\src\\component\\admin\\AdminHeader.js","statementMap":{"0":{"start":{"line":8,"column":21},"end":{"line":8,"column":34}},"1":{"start":{"line":9,"column":26},"end":{"line":9,"column":38}},"2":{"start":{"line":10,"column":4},"end":{"line":18,"column":6}},"3":{"start":{"line":14,"column":16},"end":{"line":14,"column":33}}},"fnMap":{"0":{"name":"AdminHeader","decl":{"start":{"line":7,"column":9},"end":{"line":7,"column":20}},"loc":{"start":{"line":7,"column":22},"end":{"line":19,"column":1}},"line":7},"1":{"name":"(anonymous_1)","decl":{"start":{"line":13,"column":26},"end":{"line":13,"column":27}},"loc":{"start":{"line":13,"column":37},"end":{"line":15,"column":9}},"line":13}},"branchMap":{},"s":{"0":0,"1":0,"2":0,"3":0},"f":{"0":0,"1":0},"b":{},"_coverageSchema":"1a1c01bbd47fc00a2c39e90264f33305004495a9","hash":"f306b4d3bf0da22bc83beb76fca9fc28f1ce48ab"}
,"C:\\movie-booking\\src\\component\\admin\\BookedTickets.js": {"path":"C:\\movie-booking\\src\\component\\admin\\BookedTickets.js","statementMap":{"0":{"start":{"line":8,"column":23},"end":{"line":8,"column":34}},"1":{"start":{"line":9,"column":29},"end":{"line":9,"column":41}},"2":{"start":{"line":10,"column":39},"end":{"line":10,"column":51}},"3":{"start":{"line":12,"column":30},"end":{"line":26,"column":5}},"4":{"start":{"line":13,"column":8},"end":{"line":25,"column":6}},"5":{"start":{"line":14,"column":25},"end":{"line":18,"column":22}},"6":{"start":{"line":19,"column":33},"end":{"line":19,"column":46}},"7":{"start":{"line":20,"column":20},"end":{"line":20,"column":40}},"8":{"start":{"line":21,"column":20},"end":{"line":21,"column":42}},"9":{"start":{"line":24,"column":13},"end":{"line":24,"column":59}},"10":{"start":{"line":28,"column":4},"end":{"line":30,"column":11}},"11":{"start":{"line":29,"column":8},"end":{"line":29,"column":37}},"12":{"start":{"line":32,"column":4},"end":{"line":64,"column":5}},"13":{"start":{"line":49,"column":24},"end":{"line":55,"column":29}}},"fnMap":{"0":{"name":"BookedTickets","decl":{"start":{"line":7,"column":9},"end":{"line":7,"column":22}},"loc":{"start":{"line":7,"column":24},"end":{"line":65,"column":1}},"line":7},"1":{"name":"(anonymous_1)","decl":{"start":{"line":12,"column":30},"end":{"line":12,"column":31}},"loc":{"start":{"line":12,"column":50},"end":{"line":26,"column":5}},"line":12},"2":{"name":"(anonymous_2)","decl":{"start":{"line":28,"column":14},"end":{"line":28,"column":15}},"loc":{"start":{"line":28,"column":20},"end":{"line":30,"column":5}},"line":28},"3":{"name":"(anonymous_3)","decl":{"start":{"line":48,"column":36},"end":{"line":48,"column":37}},"loc":{"start":{"line":49,"column":24},"end":{"line":55,"column":29}},"line":49}},"branchMap":{},"s":{"0":0,"1":0,"2":0,"3":0,"4":0,"5":0,"6":0,"7":0,"8":0,"9":0,"10":0,"11":0,"12":0,"13":0},"f":{"0":0,"1":0,"2":0,"3":0},"b":{},"_coverageSchema":"1a1c01bbd47fc00a2c39e90264f33305004495a9","hash":"6eb743343b47b607a0f54bde963b335237e63c59"}
,"C:\\movie-booking\\src\\component\\admin\\GetAllTickets.js": {"path":"C:\\movie-booking\\src\\component\\admin\\GetAllTickets.js","statementMap":{"0":{"start":{"line":8,"column":23},"end":{"line":8,"column":34}},"1":{"start":{"line":9,"column":29},"end":{"line":9,"column":41}},"2":{"start":{"line":10,"column":39},"end":{"line":10,"column":51}},"3":{"start":{"line":12,"column":26},"end":{"line":26,"column":5}},"4":{"start":{"line":13,"column":8},"end":{"line":25,"column":6}},"5":{"start":{"line":14,"column":25},"end":{"line":18,"column":22}},"6":{"start":{"line":19,"column":33},"end":{"line":19,"column":46}},"7":{"start":{"line":20,"column":20},"end":{"line":20,"column":40}},"8":{"start":{"line":21,"column":20},"end":{"line":21,"column":42}},"9":{"start":{"line":24,"column":13},"end":{"line":24,"column":59}},"10":{"start":{"line":28,"column":4},"end":{"line":30,"column":11}},"11":{"start":{"line":29,"column":8},"end":{"line":29,"column":24}},"12":{"start":{"line":32,"column":4},"end":{"line":64,"column":5}},"13":{"start":{"line":49,"column":24},"end":{"line":55,"column":29}}},"fnMap":{"0":{"name":"GetAllTickets","decl":{"start":{"line":7,"column":9},"end":{"line":7,"column":22}},"loc":{"start":{"line":7,"column":24},"end":{"line":65,"column":1}},"line":7},"1":{"name":"(anonymous_1)","decl":{"start":{"line":12,"column":26},"end":{"line":12,"column":27}},"loc":{"start":{"line":12,"column":46},"end":{"line":26,"column":5}},"line":12},"2":{"name":"(anonymous_2)","decl":{"start":{"line":28,"column":14},"end":{"line":28,"column":15}},"loc":{"start":{"line":28,"column":20},"end":{"line":30,"column":5}},"line":28},"3":{"name":"(anonymous_3)","decl":{"start":{"line":48,"column":36},"end":{"line":48,"column":37}},"loc":{"start":{"line":49,"column":24},"end":{"line":55,"column":29}},"line":49}},"branchMap":{},"s":{"0":0,"1":0,"2":0,"3":0,"4":0,"5":0,"6":0,"7":0,"8":0,"9":0,"10":0,"11":0,"12":0,"13":0},"f":{"0":0,"1":0,"2":0,"3":0},"b":{},"_coverageSchema":"1a1c01bbd47fc00a2c39e90264f33305004495a9","hash":"a44985bd6359d2b8b7e9d3182a1a03c60eca3639"}
,"C:\\movie-booking\\src\\component\\admin\\Home.js": {"path":"C:\\movie-booking\\src\\component\\admin\\Home.js","statementMap":{"0":{"start":{"line":10,"column":31},"end":{"line":10,"column":43}},"1":{"start":{"line":11,"column":15},"end":{"line":11,"column":44}},"2":{"start":{"line":13,"column":4},"end":{"line":15,"column":11}},"3":{"start":{"line":14,"column":8},"end":{"line":14,"column":22}},"4":{"start":{"line":17,"column":24},"end":{"line":33,"column":5}},"5":{"start":{"line":18,"column":8},"end":{"line":32,"column":9}},"6":{"start":{"line":19,"column":29},"end":{"line":27,"column":14}},"7":{"start":{"line":21,"column":20},"end":{"line":21,"column":57}},"8":{"start":{"line":28,"column":12},"end":{"line":28,"column":37}},"9":{"start":{"line":29,"column":12},"end":{"line":29,"column":32}},"10":{"start":{"line":31,"column":12},"end":{"line":31,"column":59}},"11":{"start":{"line":35,"column":24},"end":{"line":51,"column":5}},"12":{"start":{"line":36,"column":8},"end":{"line":36,"column":28}},"13":{"start":{"line":37,"column":8},"end":{"line":50,"column":11}},"14":{"start":{"line":44,"column":12},"end":{"line":44,"column":47}},"15":{"start":{"line":45,"column":12},"end":{"line":45,"column":54}},"16":{"start":{"line":46,"column":12},"end":{"line":46,"column":26}},"17":{"start":{"line":49,"column":12},"end":{"line":49,"column":60}},"18":{"start":{"line":53,"column":31},"end":{"line":64,"column":6}},"19":{"start":{"line":54,"column":9},"end":{"line":63,"column":10}},"20":{"start":{"line":55,"column":12},"end":{"line":55,"column":48}},"21":{"start":{"line":56,"column":12},"end":{"line":61,"column":13}},"22":{"start":{"line":57,"column":14},"end":{"line":57,"column":67}},"23":{"start":{"line":60,"column":15},"end":{"line":60,"column":72}},"24":{"start":{"line":62,"column":12},"end":{"line":62,"column":56}},"25":{"start":{"line":65,"column":12},"end":{"line":65,"column":32}},"26":{"start":{"line":67,"column":4},"end":{"line":109,"column":6}},"27":{"start":{"line":87,"column":20},"end":{"line":98,"column":29}},"28":{"start":{"line":96,"column":51},"end":{"line":96,"column":93}}},"fnMap":{"0":{"name":"Home","decl":{"start":{"line":9,"column":9},"end":{"line":9,"column":13}},"loc":{"start":{"line":9,"column":15},"end":{"line":110,"column":1}},"line":9},"1":{"name":"(anonymous_1)","decl":{"start":{"line":13,"column":14},"end":{"line":13,"column":15}},"loc":{"start":{"line":13,"column":20},"end":{"line":15,"column":5}},"line":13},"2":{"name":"(anonymous_2)","decl":{"start":{"line":17,"column":24},"end":{"line":17,"column":25}},"loc":{"start":{"line":17,"column":35},"end":{"line":33,"column":5}},"line":17},"3":{"name":"(anonymous_3)","decl":{"start":{"line":20,"column":32},"end":{"line":20,"column":33}},"loc":{"start":{"line":20,"column":50},"end":{"line":22,"column":19}},"line":20},"4":{"name":"(anonymous_4)","decl":{"start":{"line":35,"column":24},"end":{"line":35,"column":25}},"loc":{"start":{"line":35,"column":47},"end":{"line":51,"column":5}},"line":35},"5":{"name":"(anonymous_5)","decl":{"start":{"line":43,"column":14},"end":{"line":43,"column":15}},"loc":{"start":{"line":43,"column":26},"end":{"line":47,"column":9}},"line":43},"6":{"name":"(anonymous_6)","decl":{"start":{"line":48,"column":15},"end":{"line":48,"column":16}},"loc":{"start":{"line":48,"column":24},"end":{"line":50,"column":9}},"line":48},"7":{"name":"(anonymous_7)","decl":{"start":{"line":53,"column":31},"end":{"line":53,"column":32}},"loc":{"start":{"line":53,"column":37},"end":{"line":64,"column":6}},"line":53},"8":{"name":"(anonymous_8)","decl":{"start":{"line":54,"column":20},"end":{"line":54,"column":21}},"loc":{"start":{"line":54,"column":31},"end":{"line":63,"column":9}},"line":54},"9":{"name":"(anonymous_9)","decl":{"start":{"line":86,"column":28},"end":{"line":86,"column":29}},"loc":{"start":{"line":87,"column":20},"end":{"line":98,"column":29}},"line":87},"10":{"name":"(anonymous_10)","decl":{"start":{"line":96,"column":45},"end":{"line":96,"column":46}},"loc":{"start":{"line":96,"column":51},"end":{"line":96,"column":93}},"line":96}},"branchMap":{"0":{"loc":{"start":{"line":21,"column":27},"end":{"line":21,"column":56}},"type":"binary-expr","locations":[{"start":{"line":21,"column":27},"end":{"line":21,"column":40}},{"start":{"line":21,"column":44},"end":{"line":21,"column":56}}],"line":21},"1":{"loc":{"start":{"line":56,"column":12},"end":{"line":61,"column":13}},"type":"if","locations":[{"start":{"line":56,"column":12},"end":{"line":61,"column":13}},{"start":{"line":56,"column":12},"end":{"line":61,"column":13}}],"line":56}},"s":{"0":0,"1":0,"2":0,"3":0,"4":0,"5":0,"6":0,"7":0,"8":0,"9":0,"10":0,"11":0,"12":0,"13":0,"14":0,"15":0,"16":0,"17":0,"18":0,"19":0,"20":0,"21":0,"22":0,"23":0,"24":0,"25":0,"26":0,"27":0,"28":0},"f":{"0":0,"1":0,"2":0,"3":0,"4":0,"5":0,"6":0,"7":0,"8":0,"9":0,"10":0},"b":{"0":[0,0],"1":[0,0]},"_coverageSchema":"1a1c01bbd47fc00a2c39e90264f33305004495a9","hash":"a6f50c382a23e65c73089dd503f23e9e6b7be9fd"}
,"C:/movie-booking/src/component/login/ForgetPassword.js": {"path":"C:/movie-booking/src/component/login/ForgetPassword.js","statementMap":{},"fnMap":{},"branchMap":{},"s":{},"f":{},"b":{}}
,"C:\\movie-booking\\src\\component\\login\\Login.js": {"path":"C:\\movie-booking\\src\\component\\login\\Login.js","statementMap":{"0":{"start":{"line":10,"column":30},"end":{"line":10,"column":42}},"1":{"start":{"line":11,"column":36},"end":{"line":11,"column":48}},"2":{"start":{"line":12,"column":47},"end":{"line":12,"column":59}},"3":{"start":{"line":13,"column":28},"end":{"line":13,"column":40}},"4":{"start":{"line":14,"column":27},"end":{"line":14,"column":39}},"5":{"start":{"line":15,"column":39},"end":{"line":15,"column":51}},"6":{"start":{"line":16,"column":21},"end":{"line":16,"column":34}},"7":{"start":{"line":19,"column":8},"end":{"line":19,"column":31}},"8":{"start":{"line":20,"column":8},"end":{"line":46,"column":1}},"9":{"start":{"line":21,"column":12},"end":{"line":21,"column":37}},"10":{"start":{"line":22,"column":12},"end":{"line":34,"column":13}},"11":{"start":{"line":27,"column":12},"end":{"line":33,"column":14}},"12":{"start":{"line":28,"column":18},"end":{"line":28,"column":53}},"13":{"start":{"line":29,"column":16},"end":{"line":29,"column":34}},"14":{"start":{"line":31,"column":16},"end":{"line":31,"column":51}},"15":{"start":{"line":32,"column":16},"end":{"line":32,"column":38}},"16":{"start":{"line":36,"column":4},"end":{"line":45,"column":6}},"17":{"start":{"line":37,"column":8},"end":{"line":37,"column":45}},"18":{"start":{"line":38,"column":11},"end":{"line":45,"column":6}},"19":{"start":{"line":39,"column":8},"end":{"line":39,"column":31}},"20":{"start":{"line":40,"column":11},"end":{"line":45,"column":6}},"21":{"start":{"line":41,"column":8},"end":{"line":41,"column":31}},"22":{"start":{"line":44,"column":9},"end":{"line":44,"column":52}},"23":{"start":{"line":49,"column":4},"end":{"line":97,"column":5}},"24":{"start":{"line":53,"column":16},"end":{"line":53,"column":29}},"25":{"start":{"line":66,"column":28},"end":{"line":66,"column":57}},"26":{"start":{"line":67,"column":28},"end":{"line":67,"column":77}},"27":{"start":{"line":81,"column":28},"end":{"line":81,"column":60}},"28":{"start":{"line":89,"column":25},"end":{"line":89,"column":50}},"29":{"start":{"line":91,"column":56},"end":{"line":91,"column":82}}},"fnMap":{"0":{"name":"Login","decl":{"start":{"line":9,"column":9},"end":{"line":9,"column":14}},"loc":{"start":{"line":9,"column":17},"end":{"line":98,"column":1}},"line":9},"1":{"name":"login","decl":{"start":{"line":18,"column":19},"end":{"line":18,"column":24}},"loc":{"start":{"line":18,"column":32},"end":{"line":47,"column":1}},"line":18},"2":{"name":"(anonymous_2)","decl":{"start":{"line":25,"column":20},"end":{"line":25,"column":21}},"loc":{"start":{"line":26,"column":12},"end":{"line":34,"column":11}},"line":26},"3":{"name":"(anonymous_3)","decl":{"start":{"line":52,"column":30},"end":{"line":52,"column":31}},"loc":{"start":{"line":52,"column":41},"end":{"line":54,"column":14}},"line":52},"4":{"name":"(anonymous_4)","decl":{"start":{"line":65,"column":34},"end":{"line":65,"column":35}},"loc":{"start":{"line":65,"column":45},"end":{"line":68,"column":25}},"line":65},"5":{"name":"(anonymous_5)","decl":{"start":{"line":80,"column":34},"end":{"line":80,"column":35}},"loc":{"start":{"line":80,"column":45},"end":{"line":82,"column":25}},"line":80},"6":{"name":"(anonymous_6)","decl":{"start":{"line":88,"column":54},"end":{"line":88,"column":55}},"loc":{"start":{"line":88,"column":65},"end":{"line":90,"column":21}},"line":88},"7":{"name":"(anonymous_7)","decl":{"start":{"line":91,"column":51},"end":{"line":91,"column":52}},"loc":{"start":{"line":91,"column":55},"end":{"line":91,"column":83}},"line":91}},"branchMap":{"0":{"loc":{"start":{"line":27,"column":12},"end":{"line":33,"column":14}},"type":"if","locations":[{"start":{"line":27,"column":12},"end":{"line":33,"column":14}},{"start":{"line":27,"column":12},"end":{"line":33,"column":14}}],"line":27},"1":{"loc":{"start":{"line":36,"column":4},"end":{"line":45,"column":6}},"type":"if","locations":[{"start":{"line":36,"column":4},"end":{"line":45,"column":6}},{"start":{"line":36,"column":4},"end":{"line":45,"column":6}}],"line":36},"2":{"loc":{"start":{"line":36,"column":7},"end":{"line":36,"column":38}},"type":"binary-expr","locations":[{"start":{"line":36,"column":7},"end":{"line":36,"column":19}},{"start":{"line":36,"column":23},"end":{"line":36,"column":38}}],"line":36},"3":{"loc":{"start":{"line":38,"column":11},"end":{"line":45,"column":6}},"type":"if","locations":[{"start":{"line":38,"column":11},"end":{"line":45,"column":6}},{"start":{"line":38,"column":11},"end":{"line":45,"column":6}}],"line":38},"4":{"loc":{"start":{"line":40,"column":11},"end":{"line":45,"column":6}},"type":"if","locations":[{"start":{"line":40,"column":11},"end":{"line":45,"column":6}},{"start":{"line":40,"column":11},"end":{"line":45,"column":6}}],"line":40}},"s":{"0":0,"1":0,"2":0,"3":0,"4":0,"5":0,"6":0,"7":0,"8":0,"9":0,"10":0,"11":0,"12":0,"13":0,"14":0,"15":0,"16":0,"17":0,"18":0,"19":0,"20":0,"21":0,"22":0,"23":0,"24":0,"25":0,"26":0,"27":0,"28":0,"29":0},"f":{"0":0,"1":0,"2":0,"3":0,"4":0,"5":0,"6":0,"7":0},"b":{"0":[0,0],"1":[0,0],"2":[0,0],"3":[0,0],"4":[0,0]},"_coverageSchema":"1a1c01bbd47fc00a2c39e90264f33305004495a9","hash":"227613fd9c316d6aab4704d948e43252e50be12d"}
,"C:\\movie-booking\\src\\component\\login\\ResetPassword.js": {"path":"C:\\movie-booking\\src\\component\\login\\ResetPassword.js","statementMap":{"0":{"start":{"line":8,"column":34},"end":{"line":8,"column":46}},"1":{"start":{"line":9,"column":30},"end":{"line":9,"column":42}},"2":{"start":{"line":10,"column":36},"end":{"line":10,"column":48}},"3":{"start":{"line":11,"column":47},"end":{"line":11,"column":59}},"4":{"start":{"line":12,"column":28},"end":{"line":12,"column":40}},"5":{"start":{"line":13,"column":26},"end":{"line":13,"column":38}},"6":{"start":{"line":14,"column":21},"end":{"line":14,"column":34}},"7":{"start":{"line":16,"column":4},"end":{"line":18,"column":10}},"8":{"start":{"line":17,"column":8},"end":{"line":17,"column":20}},"9":{"start":{"line":20,"column":22},"end":{"line":31,"column":5}},"10":{"start":{"line":21,"column":8},"end":{"line":30,"column":5}},"11":{"start":{"line":22,"column":29},"end":{"line":22,"column":100}},"12":{"start":{"line":23,"column":25},"end":{"line":23,"column":38}},"13":{"start":{"line":24,"column":12},"end":{"line":24,"column":39}},"14":{"start":{"line":25,"column":25},"end":{"line":25,"column":61}},"15":{"start":{"line":25,"column":49},"end":{"line":25,"column":60}},"16":{"start":{"line":26,"column":12},"end":{"line":26,"column":36}},"17":{"start":{"line":27,"column":12},"end":{"line":27,"column":40}},"18":{"start":{"line":29,"column":12},"end":{"line":29,"column":24}},"19":{"start":{"line":33,"column":26},"end":{"line":64,"column":5}},"20":{"start":{"line":34,"column":25},"end":{"line":34,"column":27}},"21":{"start":{"line":35,"column":8},"end":{"line":37,"column":9}},"22":{"start":{"line":36,"column":12},"end":{"line":36,"column":59}},"23":{"start":{"line":38,"column":8},"end":{"line":40,"column":9}},"24":{"start":{"line":39,"column":12},"end":{"line":39,"column":56}},"25":{"start":{"line":41,"column":8},"end":{"line":62,"column":5}},"26":{"start":{"line":42,"column":12},"end":{"line":42,"column":33}},"27":{"start":{"line":44,"column":12},"end":{"line":44,"column":29}},"28":{"start":{"line":45,"column":8},"end":{"line":61,"column":9}},"29":{"start":{"line":47,"column":16},"end":{"line":58,"column":16}},"30":{"start":{"line":48,"column":16},"end":{"line":54,"column":17}},"31":{"start":{"line":53,"column":20},"end":{"line":53,"column":35}},"32":{"start":{"line":57,"column":19},"end":{"line":57,"column":64}},"33":{"start":{"line":60,"column":12},"end":{"line":60,"column":44}},"34":{"start":{"line":66,"column":4},"end":{"line":111,"column":5}},"35":{"start":{"line":82,"column":28},"end":{"line":82,"column":57}},"36":{"start":{"line":96,"column":28},"end":{"line":96,"column":60}},"37":{"start":{"line":103,"column":28},"end":{"line":103,"column":46}}},"fnMap":{"0":{"name":"ResetPassword","decl":{"start":{"line":7,"column":9},"end":{"line":7,"column":22}},"loc":{"start":{"line":7,"column":24},"end":{"line":112,"column":1}},"line":7},"1":{"name":"(anonymous_1)","decl":{"start":{"line":16,"column":14},"end":{"line":16,"column":15}},"loc":{"start":{"line":16,"column":20},"end":{"line":18,"column":5}},"line":16},"2":{"name":"(anonymous_2)","decl":{"start":{"line":20,"column":22},"end":{"line":20,"column":23}},"loc":{"start":{"line":20,"column":33},"end":{"line":31,"column":5}},"line":20},"3":{"name":"(anonymous_3)","decl":{"start":{"line":25,"column":38},"end":{"line":25,"column":39}},"loc":{"start":{"line":25,"column":49},"end":{"line":25,"column":60}},"line":25},"4":{"name":"(anonymous_4)","decl":{"start":{"line":33,"column":26},"end":{"line":33,"column":27}},"loc":{"start":{"line":33,"column":42},"end":{"line":64,"column":5}},"line":33},"5":{"name":"(anonymous_5)","decl":{"start":{"line":51,"column":24},"end":{"line":51,"column":25}},"loc":{"start":{"line":52,"column":16},"end":{"line":54,"column":16}},"line":52},"6":{"name":"(anonymous_6)","decl":{"start":{"line":81,"column":34},"end":{"line":81,"column":35}},"loc":{"start":{"line":81,"column":45},"end":{"line":83,"column":25}},"line":81},"7":{"name":"(anonymous_7)","decl":{"start":{"line":95,"column":34},"end":{"line":95,"column":35}},"loc":{"start":{"line":95,"column":45},"end":{"line":97,"column":25}},"line":95},"8":{"name":"(anonymous_8)","decl":{"start":{"line":102,"column":41},"end":{"line":102,"column":42}},"loc":{"start":{"line":102,"column":47},"end":{"line":104,"column":25}},"line":102}},"branchMap":{"0":{"loc":{"start":{"line":35,"column":8},"end":{"line":37,"column":9}},"type":"if","locations":[{"start":{"line":35,"column":8},"end":{"line":37,"column":9}},{"start":{"line":35,"column":8},"end":{"line":37,"column":9}}],"line":35},"1":{"loc":{"start":{"line":38,"column":8},"end":{"line":40,"column":9}},"type":"if","locations":[{"start":{"line":38,"column":8},"end":{"line":40,"column":9}},{"start":{"line":38,"column":8},"end":{"line":40,"column":9}}],"line":38},"2":{"loc":{"start":{"line":41,"column":8},"end":{"line":62,"column":5}},"type":"if","locations":[{"start":{"line":41,"column":8},"end":{"line":62,"column":5}},{"start":{"line":41,"column":8},"end":{"line":62,"column":5}}],"line":41},"3":{"loc":{"start":{"line":45,"column":8},"end":{"line":61,"column":9}},"type":"if","locations":[{"start":{"line":45,"column":8},"end":{"line":61,"column":9}},{"start":{"line":45,"column":8},"end":{"line":61,"column":9}}],"line":45}},"s":{"0":0,"1":0,"2":0,"3":0,"4":0,"5":0,"6":0,"7":0,"8":0,"9":0,"10":0,"11":0,"12":0,"13":0,"14":0,"15":0,"16":0,"17":0,"18":0,"19":0,"20":0,"21":0,"22":0,"23":0,"24":0,"25":0,"26":0,"27":0,"28":0,"29":0,"30":0,"31":0,"32":0,"33":0,"34":0,"35":0,"36":0,"37":0},"f":{"0":0,"1":0,"2":0,"3":0,"4":0,"5":0,"6":0,"7":0,"8":0},"b":{"0":[0,0],"1":[0,0],"2":[0,0],"3":[0,0]},"_coverageSchema":"1a1c01bbd47fc00a2c39e90264f33305004495a9","hash":"ab529dbbb3fea6952d4f8ef6c2cd001dcd8108f3"}
,"C:\\movie-booking\\src\\component\\registration\\Registration.js": {"path":"C:\\movie-booking\\src\\component\\registration\\Registration.js","statementMap":{"0":{"start":{"line":11,"column":35},"end":{"line":20,"column":6}},"1":{"start":{"line":21,"column":32},"end":{"line":21,"column":44}},"2":{"start":{"line":22,"column":21},"end":{"line":22,"column":34}},"3":{"start":{"line":24,"column":25},"end":{"line":30,"column":5}},"4":{"start":{"line":25,"column":29},"end":{"line":25,"column":37}},"5":{"start":{"line":26,"column":8},"end":{"line":29,"column":12}},"6":{"start":{"line":26,"column":35},"end":{"line":29,"column":9}},"7":{"start":{"line":32,"column":25},"end":{"line":83,"column":5}},"8":{"start":{"line":33,"column":8},"end":{"line":33,"column":31}},"9":{"start":{"line":34,"column":8},"end":{"line":34,"column":30}},"10":{"start":{"line":35,"column":33},"end":{"line":35,"column":35}},"11":{"start":{"line":36,"column":8},"end":{"line":38,"column":9}},"12":{"start":{"line":37,"column":12},"end":{"line":37,"column":61}},"13":{"start":{"line":39,"column":8},"end":{"line":41,"column":9}},"14":{"start":{"line":40,"column":12},"end":{"line":40,"column":65}},"15":{"start":{"line":42,"column":8},"end":{"line":44,"column":9}},"16":{"start":{"line":43,"column":12},"end":{"line":43,"column":64}},"17":{"start":{"line":45,"column":8},"end":{"line":47,"column":9}},"18":{"start":{"line":46,"column":12},"end":{"line":46,"column":57}},"19":{"start":{"line":48,"column":8},"end":{"line":50,"column":9}},"20":{"start":{"line":49,"column":12},"end":{"line":49,"column":79}},"21":{"start":{"line":51,"column":8},"end":{"line":53,"column":9}},"22":{"start":{"line":52,"column":12},"end":{"line":52,"column":63}},"23":{"start":{"line":54,"column":9},"end":{"line":56,"column":9}},"24":{"start":{"line":55,"column":12},"end":{"line":55,"column":83}},"25":{"start":{"line":57,"column":8},"end":{"line":59,"column":9}},"26":{"start":{"line":58,"column":12},"end":{"line":58,"column":77}},"27":{"start":{"line":60,"column":8},"end":{"line":62,"column":9}},"28":{"start":{"line":61,"column":12},"end":{"line":61,"column":73}},"29":{"start":{"line":63,"column":8},"end":{"line":81,"column":9}},"30":{"start":{"line":64,"column":12},"end":{"line":64,"column":39}},"31":{"start":{"line":67,"column":12},"end":{"line":80,"column":13}},"32":{"start":{"line":68,"column":16},"end":{"line":76,"column":19}},"33":{"start":{"line":77,"column":16},"end":{"line":77,"column":54}},"34":{"start":{"line":79,"column":16},"end":{"line":79,"column":51}},"35":{"start":{"line":87,"column":4},"end":{"line":204,"column":5}},"36":{"start":{"line":194,"column":24},"end":{"line":194,"column":42}}},"fnMap":{"0":{"name":"Registration","decl":{"start":{"line":9,"column":9},"end":{"line":9,"column":21}},"loc":{"start":{"line":9,"column":24},"end":{"line":206,"column":1}},"line":9},"1":{"name":"(anonymous_1)","decl":{"start":{"line":24,"column":25},"end":{"line":24,"column":26}},"loc":{"start":{"line":24,"column":32},"end":{"line":30,"column":5}},"line":24},"2":{"name":"(anonymous_2)","decl":{"start":{"line":26,"column":20},"end":{"line":26,"column":21}},"loc":{"start":{"line":26,"column":35},"end":{"line":29,"column":9}},"line":26},"3":{"name":"(anonymous_3)","decl":{"start":{"line":32,"column":25},"end":{"line":32,"column":26}},"loc":{"start":{"line":32,"column":41},"end":{"line":83,"column":5}},"line":32},"4":{"name":"(anonymous_4)","decl":{"start":{"line":193,"column":53},"end":{"line":193,"column":54}},"loc":{"start":{"line":193,"column":64},"end":{"line":195,"column":21}},"line":193}},"branchMap":{"0":{"loc":{"start":{"line":36,"column":8},"end":{"line":38,"column":9}},"type":"if","locations":[{"start":{"line":36,"column":8},"end":{"line":38,"column":9}},{"start":{"line":36,"column":8},"end":{"line":38,"column":9}}],"line":36},"1":{"loc":{"start":{"line":39,"column":8},"end":{"line":41,"column":9}},"type":"if","locations":[{"start":{"line":39,"column":8},"end":{"line":41,"column":9}},{"start":{"line":39,"column":8},"end":{"line":41,"column":9}}],"line":39},"2":{"loc":{"start":{"line":42,"column":8},"end":{"line":44,"column":9}},"type":"if","locations":[{"start":{"line":42,"column":8},"end":{"line":44,"column":9}},{"start":{"line":42,"column":8},"end":{"line":44,"column":9}}],"line":42},"3":{"loc":{"start":{"line":45,"column":8},"end":{"line":47,"column":9}},"type":"if","locations":[{"start":{"line":45,"column":8},"end":{"line":47,"column":9}},{"start":{"line":45,"column":8},"end":{"line":47,"column":9}}],"line":45},"4":{"loc":{"start":{"line":48,"column":8},"end":{"line":50,"column":9}},"type":"if","locations":[{"start":{"line":48,"column":8},"end":{"line":50,"column":9}},{"start":{"line":48,"column":8},"end":{"line":50,"column":9}}],"line":48},"5":{"loc":{"start":{"line":51,"column":8},"end":{"line":53,"column":9}},"type":"if","locations":[{"start":{"line":51,"column":8},"end":{"line":53,"column":9}},{"start":{"line":51,"column":8},"end":{"line":53,"column":9}}],"line":51},"6":{"loc":{"start":{"line":54,"column":9},"end":{"line":56,"column":9}},"type":"if","locations":[{"start":{"line":54,"column":9},"end":{"line":56,"column":9}},{"start":{"line":54,"column":9},"end":{"line":56,"column":9}}],"line":54},"7":{"loc":{"start":{"line":57,"column":8},"end":{"line":59,"column":9}},"type":"if","locations":[{"start":{"line":57,"column":8},"end":{"line":59,"column":9}},{"start":{"line":57,"column":8},"end":{"line":59,"column":9}}],"line":57},"8":{"loc":{"start":{"line":60,"column":8},"end":{"line":62,"column":9}},"type":"if","locations":[{"start":{"line":60,"column":8},"end":{"line":62,"column":9}},{"start":{"line":60,"column":8},"end":{"line":62,"column":9}}],"line":60},"9":{"loc":{"start":{"line":63,"column":8},"end":{"line":81,"column":9}},"type":"if","locations":[{"start":{"line":63,"column":8},"end":{"line":81,"column":9}},{"start":{"line":63,"column":8},"end":{"line":81,"column":9}}],"line":63},"10":{"loc":{"start":{"line":103,"column":29},"end":{"line":103,"column":102}},"type":"binary-expr","locations":[{"start":{"line":103,"column":29},"end":{"line":103,"column":43}},{"start":{"line":103,"column":47},"end":{"line":103,"column":102}}],"line":103},"11":{"loc":{"start":{"line":108,"column":29},"end":{"line":108,"column":106}},"type":"binary-expr","locations":[{"start":{"line":108,"column":29},"end":{"line":108,"column":45}},{"start":{"line":108,"column":49},"end":{"line":108,"column":106}}],"line":108},"12":{"loc":{"start":{"line":119,"column":29},"end":{"line":119,"column":104}},"type":"binary-expr","locations":[{"start":{"line":119,"column":29},"end":{"line":119,"column":44}},{"start":{"line":119,"column":48},"end":{"line":119,"column":104}}],"line":119},"13":{"loc":{"start":{"line":131,"column":29},"end":{"line":131,"column":98}},"type":"binary-expr","locations":[{"start":{"line":131,"column":29},"end":{"line":131,"column":41}},{"start":{"line":131,"column":45},"end":{"line":131,"column":98}}],"line":131},"14":{"loc":{"start":{"line":143,"column":29},"end":{"line":143,"column":114}},"type":"binary-expr","locations":[{"start":{"line":143,"column":29},"end":{"line":143,"column":49}},{"start":{"line":143,"column":53},"end":{"line":143,"column":114}}],"line":143},"15":{"loc":{"start":{"line":155,"column":29},"end":{"line":155,"column":104}},"type":"binary-expr","locations":[{"start":{"line":155,"column":29},"end":{"line":155,"column":44}},{"start":{"line":155,"column":48},"end":{"line":155,"column":104}}],"line":155},"16":{"loc":{"start":{"line":167,"column":29},"end":{"line":167,"column":118}},"type":"binary-expr","locations":[{"start":{"line":167,"column":29},"end":{"line":167,"column":51}},{"start":{"line":167,"column":55},"end":{"line":167,"column":118}}],"line":167},"17":{"loc":{"start":{"line":179,"column":29},"end":{"line":179,"column":96}},"type":"binary-expr","locations":[{"start":{"line":179,"column":29},"end":{"line":179,"column":40}},{"start":{"line":179,"column":44},"end":{"line":179,"column":96}}],"line":179}},"s":{"0":0,"1":0,"2":0,"3":0,"4":0,"5":0,"6":0,"7":0,"8":0,"9":0,"10":0,"11":0,"12":0,"13":0,"14":0,"15":0,"16":0,"17":0,"18":0,"19":0,"20":0,"21":0,"22":0,"23":0,"24":0,"25":0,"26":0,"27":0,"28":0,"29":0,"30":0,"31":0,"32":0,"33":0,"34":0,"35":0,"36":0},"f":{"0":0,"1":0,"2":0,"3":0,"4":0},"b":{"0":[0,0],"1":[0,0],"2":[0,0],"3":[0,0],"4":[0,0],"5":[0,0],"6":[0,0],"7":[0,0],"8":[0,0],"9":[0,0],"10":[0,0],"11":[0,0],"12":[0,0],"13":[0,0],"14":[0,0],"15":[0,0],"16":[0,0],"17":[0,0]},"_coverageSchema":"1a1c01bbd47fc00a2c39e90264f33305004495a9","hash":"325292b9b71fa9fed12e816a2875c312b9c9be56"}
,"C:\\movie-booking\\src\\component\\user\\BookingPage.js": {"path":"C:\\movie-booking\\src\\component\\user\\BookingPage.js","statementMap":{"0":{"start":{"line":11,"column":58},"end":{"line":11,"column":69}},"1":{"start":{"line":12,"column":41},"end":{"line":12,"column":53}},"2":{"start":{"line":13,"column":33},"end":{"line":13,"column":45}},"3":{"start":{"line":14,"column":29},"end":{"line":14,"column":41}},"4":{"start":{"line":15,"column":39},"end":{"line":15,"column":60}},"5":{"start":{"line":16,"column":43},"end":{"line":16,"column":66}},"6":{"start":{"line":17,"column":46},"end":{"line":17,"column":56}},"7":{"start":{"line":18,"column":38},"end":{"line":18,"column":50}},"8":{"start":{"line":19,"column":21},"end":{"line":19,"column":34}},"9":{"start":{"line":22,"column":25},"end":{"line":26,"column":9}},"10":{"start":{"line":23,"column":24},"end":{"line":23,"column":36}},"11":{"start":{"line":24,"column":24},"end":{"line":24,"column":69}},"12":{"start":{"line":24,"column":55},"end":{"line":24,"column":68}},"13":{"start":{"line":25,"column":8},"end":{"line":25,"column":32}},"14":{"start":{"line":30,"column":25},"end":{"line":71,"column":7}},"15":{"start":{"line":31,"column":8},"end":{"line":31,"column":31}},"16":{"start":{"line":32,"column":25},"end":{"line":32,"column":27}},"17":{"start":{"line":33,"column":8},"end":{"line":71,"column":6}},"18":{"start":{"line":34,"column":12},"end":{"line":34,"column":41}},"19":{"start":{"line":35,"column":12},"end":{"line":35,"column":33}},"20":{"start":{"line":38,"column":12},"end":{"line":38,"column":41}},"21":{"start":{"line":39,"column":12},"end":{"line":71,"column":5}},"22":{"start":{"line":40,"column":16},"end":{"line":40,"column":80}},"23":{"start":{"line":42,"column":8},"end":{"line":70,"column":9}},"24":{"start":{"line":43,"column":12},"end":{"line":67,"column":5}},"25":{"start":{"line":44,"column":16},"end":{"line":44,"column":44}},"26":{"start":{"line":46,"column":12},"end":{"line":66,"column":11}},"27":{"start":{"line":60,"column":12},"end":{"line":60,"column":39}},"28":{"start":{"line":61,"column":12},"end":{"line":61,"column":34}},"29":{"start":{"line":62,"column":12},"end":{"line":62,"column":33}},"30":{"start":{"line":65,"column":12},"end":{"line":65,"column":60}},"31":{"start":{"line":69,"column":12},"end":{"line":69,"column":86}},"32":{"start":{"line":75,"column":31},"end":{"line":90,"column":5}},"33":{"start":{"line":76,"column":8},"end":{"line":89,"column":9}},"34":{"start":{"line":77,"column":29},"end":{"line":81,"column":22}},"35":{"start":{"line":82,"column":25},"end":{"line":82,"column":38}},"36":{"start":{"line":83,"column":26},"end":{"line":83,"column":69}},"37":{"start":{"line":83,"column":51},"end":{"line":83,"column":68}},"38":{"start":{"line":84,"column":12},"end":{"line":84,"column":45}},"39":{"start":{"line":85,"column":12},"end":{"line":85,"column":42}},"40":{"start":{"line":88,"column":12},"end":{"line":88,"column":58}},"41":{"start":{"line":92,"column":4},"end":{"line":94,"column":11}},"42":{"start":{"line":93,"column":8},"end":{"line":93,"column":29}},"43":{"start":{"line":95,"column":4},"end":{"line":95,"column":46}},"44":{"start":{"line":96,"column":4},"end":{"line":179,"column":6}},"45":{"start":{"line":112,"column":28},"end":{"line":112,"column":59}},"46":{"start":{"line":126,"column":28},"end":{"line":126,"column":62}},"47":{"start":{"line":140,"column":28},"end":{"line":140,"column":64}},"48":{"start":{"line":154,"column":44},"end":{"line":154,"column":56}},"49":{"start":{"line":155,"column":28},"end":{"line":155,"column":62}}},"fnMap":{"0":{"name":"BookingPage","decl":{"start":{"line":9,"column":9},"end":{"line":9,"column":20}},"loc":{"start":{"line":9,"column":22},"end":{"line":180,"column":1}},"line":9},"1":{"name":"(anonymous_1)","decl":{"start":{"line":22,"column":25},"end":{"line":22,"column":26}},"loc":{"start":{"line":22,"column":35},"end":{"line":26,"column":9}},"line":22},"2":{"name":"(anonymous_2)","decl":{"start":{"line":24,"column":45},"end":{"line":24,"column":46}},"loc":{"start":{"line":24,"column":55},"end":{"line":24,"column":68}},"line":24},"3":{"name":"(anonymous_3)","decl":{"start":{"line":30,"column":25},"end":{"line":30,"column":26}},"loc":{"start":{"line":30,"column":36},"end":{"line":71,"column":7}},"line":30},"4":{"name":"(anonymous_4)","decl":{"start":{"line":59,"column":14},"end":{"line":59,"column":15}},"loc":{"start":{"line":59,"column":28},"end":{"line":63,"column":9}},"line":59},"5":{"name":"(anonymous_5)","decl":{"start":{"line":64,"column":15},"end":{"line":64,"column":16}},"loc":{"start":{"line":64,"column":26},"end":{"line":66,"column":9}},"line":64},"6":{"name":"(anonymous_6)","decl":{"start":{"line":75,"column":31},"end":{"line":75,"column":32}},"loc":{"start":{"line":75,"column":42},"end":{"line":90,"column":5}},"line":75},"7":{"name":"(anonymous_7)","decl":{"start":{"line":83,"column":39},"end":{"line":83,"column":40}},"loc":{"start":{"line":83,"column":51},"end":{"line":83,"column":68}},"line":83},"8":{"name":"(anonymous_8)","decl":{"start":{"line":92,"column":14},"end":{"line":92,"column":15}},"loc":{"start":{"line":92,"column":20},"end":{"line":94,"column":5}},"line":92},"9":{"name":"(anonymous_9)","decl":{"start":{"line":111,"column":34},"end":{"line":111,"column":35}},"loc":{"start":{"line":111,"column":45},"end":{"line":113,"column":25}},"line":111},"10":{"name":"(anonymous_10)","decl":{"start":{"line":125,"column":34},"end":{"line":125,"column":35}},"loc":{"start":{"line":125,"column":45},"end":{"line":127,"column":25}},"line":125},"11":{"name":"(anonymous_11)","decl":{"start":{"line":139,"column":34},"end":{"line":139,"column":35}},"loc":{"start":{"line":139,"column":45},"end":{"line":141,"column":25}},"line":139},"12":{"name":"(anonymous_12)","decl":{"start":{"line":153,"column":34},"end":{"line":153,"column":35}},"loc":{"start":{"line":153,"column":45},"end":{"line":156,"column":25}},"line":153}},"branchMap":{"0":{"loc":{"start":{"line":33,"column":8},"end":{"line":71,"column":6}},"type":"if","locations":[{"start":{"line":33,"column":8},"end":{"line":71,"column":6}},{"start":{"line":33,"column":8},"end":{"line":71,"column":6}}],"line":33},"1":{"loc":{"start":{"line":39,"column":12},"end":{"line":71,"column":5}},"type":"if","locations":[{"start":{"line":39,"column":12},"end":{"line":71,"column":5}},{"start":{"line":39,"column":12},"end":{"line":71,"column":5}}],"line":39},"2":{"loc":{"start":{"line":42,"column":8},"end":{"line":70,"column":9}},"type":"if","locations":[{"start":{"line":42,"column":8},"end":{"line":70,"column":9}},{"start":{"line":42,"column":8},"end":{"line":70,"column":9}}],"line":42},"3":{"loc":{"start":{"line":43,"column":12},"end":{"line":67,"column":5}},"type":"if","locations":[{"start":{"line":43,"column":12},"end":{"line":67,"column":5}},{"start":{"line":43,"column":12},"end":{"line":67,"column":5}}],"line":43}},"s":{"0":57,"1":56,"2":56,"3":56,"4":56,"5":56,"6":56,"7":56,"8":56,"9":56,"10":3,"11":3,"12":3,"13":3,"14":56,"15":1,"16":1,"17":1,"18":0,"19":0,"20":1,"21":1,"22":0,"23":1,"24":1,"25":0,"26":1,"27":1,"28":1,"29":1,"30":0,"31":0,"32":56,"33":2,"34":2,"35":2,"36":2,"37":8,"38":2,"39":2,"40":0,"41":56,"42":2,"43":56,"44":56,"45":21,"46":0,"47":0,"48":1,"49":1},"f":{"0":57,"1":3,"2":3,"3":1,"4":1,"5":0,"6":2,"7":8,"8":2,"9":21,"10":0,"11":0,"12":1},"b":{"0":[0,1],"1":[0,1],"2":[1,0],"3":[0,1]},"_coverageSchema":"1a1c01bbd47fc00a2c39e90264f33305004495a9","hash":"093652c0bb67a840d99b8e2b767db8554ff44ff4"}
,"C:\\movie-booking\\src\\component\\user\\UserHeader.js": {"path":"C:\\movie-booking\\src\\component\\user\\UserHeader.js","statementMap":{"0":{"start":{"line":7,"column":21},"end":{"line":7,"column":34}},"1":{"start":{"line":8,"column":30},"end":{"line":8,"column":45}},"2":{"start":{"line":9,"column":15},"end":{"line":9,"column":44}},"3":{"start":{"line":10,"column":23},"end":{"line":24,"column":5}},"4":{"start":{"line":11,"column":8},"end":{"line":11,"column":36}},"5":{"start":{"line":12,"column":8},"end":{"line":23,"column":9}},"6":{"start":{"line":13,"column":27},"end":{"line":17,"column":14}},"7":{"start":{"line":18,"column":12},"end":{"line":18,"column":34}},"8":{"start":{"line":19,"column":12},"end":{"line":19,"column":33}},"9":{"start":{"line":20,"column":12},"end":{"line":20,"column":31}},"10":{"start":{"line":22,"column":12},"end":{"line":22,"column":24}},"11":{"start":{"line":26,"column":4},"end":{"line":33,"column":6}},"12":{"start":{"line":29,"column":16},"end":{"line":29,"column":37}}},"fnMap":{"0":{"name":"UserHeader","decl":{"start":{"line":6,"column":9},"end":{"line":6,"column":19}},"loc":{"start":{"line":6,"column":21},"end":{"line":34,"column":1}},"line":6},"1":{"name":"(anonymous_1)","decl":{"start":{"line":10,"column":23},"end":{"line":10,"column":24}},"loc":{"start":{"line":10,"column":33},"end":{"line":24,"column":5}},"line":10},"2":{"name":"(anonymous_2)","decl":{"start":{"line":28,"column":27},"end":{"line":28,"column":28}},"loc":{"start":{"line":28,"column":38},"end":{"line":30,"column":9}},"line":28}},"branchMap":{},"s":{"0":106,"1":106,"2":106,"3":106,"4":1,"5":1,"6":1,"7":0,"8":0,"9":0,"10":1,"11":106,"12":1},"f":{"0":106,"1":1,"2":1},"b":{},"_coverageSchema":"1a1c01bbd47fc00a2c39e90264f33305004495a9","hash":"d6704a87886abd664981eaa5ab5c50a61f2138a6"}
,"C:\\movie-booking\\src\\component\\user\\UserHome.js": {"path":"C:\\movie-booking\\src\\component\\user\\UserHome.js","statementMap":{"0":{"start":{"line":10,"column":31},"end":{"line":10,"column":43}},"1":{"start":{"line":11,"column":41},"end":{"line":11,"column":53}},"2":{"start":{"line":12,"column":40},"end":{"line":12,"column":52}},"3":{"start":{"line":13,"column":4},"end":{"line":16,"column":11}},"4":{"start":{"line":15,"column":8},"end":{"line":15,"column":22}},"5":{"start":{"line":18,"column":24},"end":{"line":32,"column":5}},"6":{"start":{"line":19,"column":8},"end":{"line":31,"column":9}},"7":{"start":{"line":20,"column":29},"end":{"line":26,"column":14}},"8":{"start":{"line":27,"column":12},"end":{"line":27,"column":33}},"9":{"start":{"line":28,"column":12},"end":{"line":28,"column":37}},"10":{"start":{"line":30,"column":12},"end":{"line":30,"column":59}},"11":{"start":{"line":33,"column":25},"end":{"line":43,"column":6}},"12":{"start":{"line":34,"column":34},"end":{"line":36,"column":9}},"13":{"start":{"line":35,"column":12},"end":{"line":35,"column":77}},"14":{"start":{"line":37,"column":8},"end":{"line":42,"column":9}},"15":{"start":{"line":38,"column":12},"end":{"line":38,"column":26}},"16":{"start":{"line":40,"column":12},"end":{"line":40,"column":36}},"17":{"start":{"line":45,"column":32},"end":{"line":56,"column":6}},"18":{"start":{"line":46,"column":9},"end":{"line":55,"column":10}},"19":{"start":{"line":47,"column":12},"end":{"line":47,"column":48}},"20":{"start":{"line":48,"column":12},"end":{"line":53,"column":13}},"21":{"start":{"line":49,"column":14},"end":{"line":49,"column":67}},"22":{"start":{"line":52,"column":15},"end":{"line":52,"column":64}},"23":{"start":{"line":54,"column":12},"end":{"line":54,"column":56}},"24":{"start":{"line":57,"column":12},"end":{"line":57,"column":32}},"25":{"start":{"line":58,"column":4},"end":{"line":103,"column":6}},"26":{"start":{"line":67,"column":29},"end":{"line":67,"column":59}},"27":{"start":{"line":85,"column":20},"end":{"line":93,"column":29}}},"fnMap":{"0":{"name":"UserHome","decl":{"start":{"line":9,"column":9},"end":{"line":9,"column":17}},"loc":{"start":{"line":9,"column":19},"end":{"line":104,"column":1}},"line":9},"1":{"name":"(anonymous_1)","decl":{"start":{"line":13,"column":14},"end":{"line":13,"column":15}},"loc":{"start":{"line":13,"column":20},"end":{"line":16,"column":5}},"line":13},"2":{"name":"(anonymous_2)","decl":{"start":{"line":18,"column":24},"end":{"line":18,"column":25}},"loc":{"start":{"line":18,"column":35},"end":{"line":32,"column":5}},"line":18},"3":{"name":"(anonymous_3)","decl":{"start":{"line":33,"column":25},"end":{"line":33,"column":26}},"loc":{"start":{"line":33,"column":36},"end":{"line":43,"column":6}},"line":33},"4":{"name":"(anonymous_4)","decl":{"start":{"line":34,"column":48},"end":{"line":34,"column":49}},"loc":{"start":{"line":35,"column":12},"end":{"line":35,"column":77}},"line":35},"5":{"name":"(anonymous_5)","decl":{"start":{"line":45,"column":32},"end":{"line":45,"column":33}},"loc":{"start":{"line":45,"column":38},"end":{"line":56,"column":6}},"line":45},"6":{"name":"(anonymous_6)","decl":{"start":{"line":46,"column":20},"end":{"line":46,"column":21}},"loc":{"start":{"line":46,"column":31},"end":{"line":55,"column":9}},"line":46},"7":{"name":"(anonymous_7)","decl":{"start":{"line":67,"column":22},"end":{"line":67,"column":23}},"loc":{"start":{"line":67,"column":29},"end":{"line":67,"column":59}},"line":67},"8":{"name":"(anonymous_8)","decl":{"start":{"line":84,"column":28},"end":{"line":84,"column":29}},"loc":{"start":{"line":85,"column":20},"end":{"line":93,"column":29}},"line":85}},"branchMap":{"0":{"loc":{"start":{"line":37,"column":8},"end":{"line":42,"column":9}},"type":"if","locations":[{"start":{"line":37,"column":8},"end":{"line":42,"column":9}},{"start":{"line":37,"column":8},"end":{"line":42,"column":9}}],"line":37},"1":{"loc":{"start":{"line":48,"column":12},"end":{"line":53,"column":13}},"type":"if","locations":[{"start":{"line":48,"column":12},"end":{"line":53,"column":13}},{"start":{"line":48,"column":12},"end":{"line":53,"column":13}}],"line":48}},"s":{"0":51,"1":50,"2":50,"3":50,"4":4,"5":50,"6":4,"7":4,"8":4,"9":4,"10":0,"11":50,"12":1,"13":2,"14":1,"15":0,"16":1,"17":50,"18":50,"19":30,"20":30,"21":14,"22":16,"23":30,"24":50,"25":50,"26":18,"27":30},"f":{"0":51,"1":4,"2":4,"3":1,"4":2,"5":50,"6":30,"7":18,"8":30},"b":{"0":[0,1],"1":[14,16]},"_coverageSchema":"1a1c01bbd47fc00a2c39e90264f33305004495a9","hash":"aba582dadaafc0f777deb3ca9edafba407ab8522"}
}
