{"total": {"lines":{"total":300,"covered":82,"skipped":0,"pct":27.33},"statements":{"total":304,"covered":84,"skipped":0,"pct":27.63},"functions":{"total":85,"covered":25,"skipped":0,"pct":29.41},"branches":{"total":74,"covered":9,"skipped":0,"pct":12.16},"branchesTrue":{"total":0,"covered":0,"skipped":0,"pct":100}}
,"C:\\movie-booking\\src\\App.js": {"lines":{"total":1,"covered":1,"skipped":0,"pct":100},"functions":{"total":1,"covered":1,"skipped":0,"pct":100},"statements":{"total":1,"covered":1,"skipped":0,"pct":100},"branches":{"total":0,"covered":0,"skipped":0,"pct":100}}
,"C:/movie-booking/src/App.test.js": {"lines":{"total":0,"covered":0,"skipped":0,"pct":0},"functions":{"total":0,"covered":0,"skipped":0,"pct":0},"statements":{"total":0,"covered":0,"skipped":0,"pct":0},"branches":{"total":0,"covered":0,"skipped":0,"pct":0}}
,"C:\\movie-booking\\src\\index.js": {"lines":{"total":3,"covered":3,"skipped":0,"pct":100},"functions":{"total":0,"covered":0,"skipped":0,"pct":100},"statements":{"total":3,"covered":3,"skipped":0,"pct":100},"branches":{"total":0,"covered":0,"skipped":0,"pct":100}}
,"C:\\movie-booking\\src\\reportWebVitals.js": {"lines":{"total":8,"covered":2,"skipped":0,"pct":25},"functions":{"total":2,"covered":1,"skipped":0,"pct":50},"statements":{"total":8,"covered":2,"skipped":0,"pct":25},"branches":{"total":4,"covered":2,"skipped":0,"pct":50}}
,"C:/movie-booking/src/setupTests.js": {"lines":{"total":0,"covered":0,"skipped":0,"pct":0},"functions":{"total":0,"covered":0,"skipped":0,"pct":0},"statements":{"total":0,"covered":0,"skipped":0,"pct":0},"branches":{"total":0,"covered":0,"skipped":0,"pct":0}}
,"C:\\movie-booking\\src\\common\\Footer.js": {"lines":{"total":1,"covered":1,"skipped":0,"pct":100},"functions":{"total":1,"covered":1,"skipped":0,"pct":100},"statements":{"total":1,"covered":1,"skipped":0,"pct":100},"branches":{"total":0,"covered":0,"skipped":0,"pct":100}}
,"C:\\movie-booking\\src\\common\\Signup.js": {"lines":{"total":4,"covered":0,"skipped":0,"pct":0},"functions":{"total":3,"covered":0,"skipped":0,"pct":0},"statements":{"total":4,"covered":0,"skipped":0,"pct":0},"branches":{"total":0,"covered":0,"skipped":0,"pct":100}}
,"C:\\movie-booking\\src\\component\\admin\\AddMovie.js": {"lines":{"total":14,"covered":0,"skipped":0,"pct":0},"functions":{"total":4,"covered":0,"skipped":0,"pct":0},"statements":{"total":14,"covered":0,"skipped":0,"pct":0},"branches":{"total":0,"covered":0,"skipped":0,"pct":100}}
,"C:\\movie-booking\\src\\component\\admin\\AddMovieFunc.js": {"lines":{"total":16,"covered":0,"skipped":0,"pct":0},"functions":{"total":6,"covered":0,"skipped":0,"pct":0},"statements":{"total":16,"covered":0,"skipped":0,"pct":0},"branches":{"total":0,"covered":0,"skipped":0,"pct":100}}
,"C:\\movie-booking\\src\\component\\admin\\AdminHeader.js": {"lines":{"total":4,"covered":0,"skipped":0,"pct":0},"functions":{"total":2,"covered":0,"skipped":0,"pct":0},"statements":{"total":4,"covered":0,"skipped":0,"pct":0},"branches":{"total":0,"covered":0,"skipped":0,"pct":100}}
,"C:\\movie-booking\\src\\component\\admin\\BookedTickets.js": {"lines":{"total":14,"covered":0,"skipped":0,"pct":0},"functions":{"total":4,"covered":0,"skipped":0,"pct":0},"statements":{"total":14,"covered":0,"skipped":0,"pct":0},"branches":{"total":0,"covered":0,"skipped":0,"pct":100}}
,"C:\\movie-booking\\src\\component\\admin\\GetAllTickets.js": {"lines":{"total":14,"covered":0,"skipped":0,"pct":0},"functions":{"total":4,"covered":0,"skipped":0,"pct":0},"statements":{"total":14,"covered":0,"skipped":0,"pct":0},"branches":{"total":0,"covered":0,"skipped":0,"pct":100}}
,"C:\\movie-booking\\src\\component\\admin\\Home.js": {"lines":{"total":29,"covered":0,"skipped":0,"pct":0},"functions":{"total":11,"covered":0,"skipped":0,"pct":0},"statements":{"total":29,"covered":0,"skipped":0,"pct":0},"branches":{"total":4,"covered":0,"skipped":0,"pct":0}}
,"C:/movie-booking/src/component/login/ForgetPassword.js": {"lines":{"total":0,"covered":0,"skipped":0,"pct":0},"functions":{"total":0,"covered":0,"skipped":0,"pct":0},"statements":{"total":0,"covered":0,"skipped":0,"pct":0},"branches":{"total":0,"covered":0,"skipped":0,"pct":0}}
,"C:\\movie-booking\\src\\component\\login\\Login.js": {"lines":{"total":30,"covered":0,"skipped":0,"pct":0},"functions":{"total":8,"covered":0,"skipped":0,"pct":0},"statements":{"total":30,"covered":0,"skipped":0,"pct":0},"branches":{"total":10,"covered":0,"skipped":0,"pct":0}}
,"C:\\movie-booking\\src\\component\\login\\ResetPassword.js": {"lines":{"total":37,"covered":0,"skipped":0,"pct":0},"functions":{"total":9,"covered":0,"skipped":0,"pct":0},"statements":{"total":38,"covered":0,"skipped":0,"pct":0},"branches":{"total":8,"covered":0,"skipped":0,"pct":0}}
,"C:\\movie-booking\\src\\component\\registration\\Registration.js": {"lines":{"total":36,"covered":0,"skipped":0,"pct":0},"functions":{"total":5,"covered":0,"skipped":0,"pct":0},"statements":{"total":37,"covered":0,"skipped":0,"pct":0},"branches":{"total":36,"covered":0,"skipped":0,"pct":0}}
,"C:\\movie-booking\\src\\component\\user\\BookingPage.js": {"lines":{"total":48,"covered":39,"skipped":0,"pct":81.25},"functions":{"total":13,"covered":10,"skipped":0,"pct":76.92},"statements":{"total":50,"covered":41,"skipped":0,"pct":82},"branches":{"total":8,"covered":4,"skipped":0,"pct":50}}
,"C:\\movie-booking\\src\\component\\user\\UserHeader.js": {"lines":{"total":13,"covered":10,"skipped":0,"pct":76.92},"functions":{"total":3,"covered":3,"skipped":0,"pct":100},"statements":{"total":13,"covered":10,"skipped":0,"pct":76.92},"branches":{"total":0,"covered":0,"skipped":0,"pct":100}}
,"C:\\movie-booking\\src\\component\\user\\UserHome.js": {"lines":{"total":28,"covered":26,"skipped":0,"pct":92.86},"functions":{"total":9,"covered":9,"skipped":0,"pct":100},"statements":{"total":28,"covered":26,"skipped":0,"pct":92.86},"branches":{"total":4,"covered":3,"skipped":0,"pct":75}}
}
